Determining if the pthread_create exist failed with the following output:
Change Dir: /home/uauser/Documents/pse/tram_versie734/CMakeFiles/CMakeTmp

Run Build Command:"/usr/bin/make" "cmTC_de1ef/fast"
/usr/bin/make -f CMakeFiles/cmTC_de1ef.dir/build.make CMakeFiles/cmTC_de1ef.dir/build
make[1]: Entering directory '/home/uauser/Documents/pse/tram_versie734/CMakeFiles/CMakeTmp'
Building C object CMakeFiles/cmTC_de1ef.dir/CheckSymbolExists.c.o
/usr/bin/gcc     -o CMakeFiles/cmTC_de1ef.dir/CheckSymbolExists.c.o   -c /home/uauser/Documents/pse/tram_versie734/CMakeFiles/CMakeTmp/CheckSymbolExists.c
Linking C executable cmTC_de1ef
/usr/bin/cmake -E cmake_link_script CMakeFiles/cmTC_de1ef.dir/link.txt --verbose=1
/usr/bin/gcc       CMakeFiles/cmTC_de1ef.dir/CheckSymbolExists.c.o  -o cmTC_de1ef -rdynamic 
CMakeFiles/cmTC_de1ef.dir/CheckSymbolExists.c.o: In function `main':
CheckSymbolExists.c:(.text+0x16): undefined reference to `pthread_create'
collect2: error: ld returned 1 exit status
CMakeFiles/cmTC_de1ef.dir/build.make:97: recipe for target 'cmTC_de1ef' failed
make[1]: *** [cmTC_de1ef] Error 1
make[1]: Leaving directory '/home/uauser/Documents/pse/tram_versie734/CMakeFiles/CMakeTmp'
Makefile:126: recipe for target 'cmTC_de1ef/fast' failed
make: *** [cmTC_de1ef/fast] Error 2

File /home/uauser/Documents/pse/tram_versie734/CMakeFiles/CMakeTmp/CheckSymbolExists.c:
/* */
#include <pthread.h>

int main(int argc, char** argv)
{
  (void)argv;
#ifndef pthread_create
  return ((int*)(&pthread_create))[argc];
#else
  (void)argc;
  return 0;
#endif
}

Determining if the function pthread_create exists in the pthreads failed with the following output:
Change Dir: /home/uauser/Documents/pse/tram_versie734/CMakeFiles/CMakeTmp

Run Build Command:"/usr/bin/make" "cmTC_bd268/fast"
/usr/bin/make -f CMakeFiles/cmTC_bd268.dir/build.make CMakeFiles/cmTC_bd268.dir/build
make[1]: Entering directory '/home/uauser/Documents/pse/tram_versie734/CMakeFiles/CMakeTmp'
Building C object CMakeFiles/cmTC_bd268.dir/CheckFunctionExists.c.o
/usr/bin/gcc    -DCHECK_FUNCTION_EXISTS=pthread_create   -o CMakeFiles/cmTC_bd268.dir/CheckFunctionExists.c.o   -c /usr/share/cmake-3.5/Modules/CheckFunctionExists.c
Linking C executable cmTC_bd268
/usr/bin/cmake -E cmake_link_script CMakeFiles/cmTC_bd268.dir/link.txt --verbose=1
/usr/bin/gcc   -DCHECK_FUNCTION_EXISTS=pthread_create    CMakeFiles/cmTC_bd268.dir/CheckFunctionExists.c.o  -o cmTC_bd268 -rdynamic -lpthreads 
/usr/bin/ld: cannot find -lpthreads
collect2: error: ld returned 1 exit status
CMakeFiles/cmTC_bd268.dir/build.make:97: recipe for target 'cmTC_bd268' failed
make[1]: *** [cmTC_bd268] Error 1
make[1]: Leaving directory '/home/uauser/Documents/pse/tram_versie734/CMakeFiles/CMakeTmp'
Makefile:126: recipe for target 'cmTC_bd268/fast' failed
make: *** [cmTC_bd268/fast] Error 2


